This is pdfTeX, Version 3.14159265-2.6-1.40.21 (TeX Live 2020/W32TeX) (preloaded format=pdflatex 2020.11.7)  9 NOV 2020 13:08
entering extended mode
 restricted \write18 enabled.
 %&-line parsing enabled.
**book.cls
(./book.cls
LaTeX2e <2020-10-01> patch level 2
L3 programming layer <2020-10-27> xparse <2020-03-03>
(d:/usuarios/amb02/Dados de Aplicativos/TinyTeX/texmf-dist/tex/latex/base/artic
le.cls
Document Class: article 2020/04/10 v1.4m Standard LaTeX document class

(d:/usuarios/amb02/Dados de Aplicativos/TinyTeX/texmf-dist/tex/latex/base/size1
0.clo
File: size10.clo 2020/04/10 v1.4m Standard LaTeX file (size option)
)
\c@part=\count175
\c@section=\count176
\c@subsection=\count177
\c@subsubsection=\count178
\c@paragraph=\count179
\c@subparagraph=\count180
\c@figure=\count181
\c@table=\count182
\abovecaptionskip=\skip47
\belowcaptionskip=\skip48
\bibindent=\dimen138
)
(d:/usuarios/amb02/Dados de Aplicativos/TinyTeX/texmf-dist/tex/latex/l3backend/
l3backend-pdftex.def
File: l3backend-pdftex.def 2020-09-24 L3 backend support: PDF output (pdfTeX)
\l__kernel_color_stack_int=\count183
\l__pdf_internal_box=\box47
) (./book.aux)
\openout1 = `book.aux'.

LaTeX Font Info:    Checking defaults for OML/cmm/m/it on input line 7.
LaTeX Font Info:    ... okay on input line 7.
LaTeX Font Info:    Checking defaults for OMS/cmsy/m/n on input line 7.
LaTeX Font Info:    ... okay on input line 7.
LaTeX Font Info:    Checking defaults for OT1/cmr/m/n on input line 7.
LaTeX Font Info:    ... okay on input line 7.
LaTeX Font Info:    Checking defaults for T1/cmr/m/n on input line 7.
LaTeX Font Info:    ... okay on input line 7.
LaTeX Font Info:    Checking defaults for TS1/cmr/m/n on input line 7.
LaTeX Font Info:    ... okay on input line 7.
LaTeX Font Info:    Checking defaults for OMX/cmex/m/n on input line 7.
LaTeX Font Info:    ... okay on input line 7.
LaTeX Font Info:    Checking defaults for U/cmr/m/n on input line 7.
LaTeX Font Info:    ... okay on input line 7.
 (./book.toc)
\tf@toc=\write3
\openout3 = `book.toc'.

 [1

{d:/usuarios/amb02/Dados de Aplicativos/TinyTeX/texmf-var/fonts/map/pdftex/updm
ap/pdftex.map}] (./book.aux) ) 
Here is how much of TeX's memory you used:
 396 strings out of 481433
 7235 string characters out of 5918562
 267028 words of memory out of 5000000
 17230 multiletter control sequences out of 15000+600000
 536001 words of font info for 32 fonts, out of 8000000 for 9000
 14 hyphenation exceptions out of 8191
 43i,4n,49p,136b,100s stack positions out of 5000i,500n,10000p,200000b,80000s
<d:/usuarios/amb02/Dados de Aplicativos/TinyTeX/t
exmf-dist/fonts/type1/public/amsfonts/cm/cmbx10.pfb><d:/usuarios/amb02/Dados de
 Aplicativos/TinyTeX/texmf-dist/fonts/type1/public/amsfonts/cm/cmbx12.pfb><d:/u
suarios/amb02/Dados de Aplicativos/TinyTeX/texmf-dist/fonts/type1/public/amsfon
ts/cm/cmr10.pfb>
Output written on book.pdf (1 page, 25500 bytes).
PDF statistics:
 20 PDF objects out of 1000 (max. 8388607)
 13 compressed objects within 1 object stream
 0 named destinations out of 1000 (max. 500000)
 1 words of extra memory for PDF output out of 10000 (max. 10000000)

